Menjalankan skrip SQL: database_setup_FIXED.sql
psql:sql/database_fix.sql:6: NOTICE:  view "ktp_summary" does not exist, skipping
DROP VIEW
DROP TABLE
CREATE TABLE
CREATE INDEX
CREATE INDEX
CREATE INDEX
CREATE FUNCTION
CREATE TRIGGER
INSERT 0 7
            status            
------------------------------
 Database fixed successfully!
(1 row)

 total_records 
---------------
             7
(1 row)

       nik        |  nama_lengkap  | jenis_kelamin |  agama  
------------------+----------------+---------------+---------
 3175031234567890 | John Doe       | LAKI_LAKI     | ISLAM
 3175032345678901 | Jane Smith     | PEREMPUAN     | KRISTEN
 3175033456789012 | Ahmad Rahman   | LAKI_LAKI     | ISLAM
 3175034567890123 | Siti Nurhaliza | PEREMPUAN     | ISLAM
 3175035678901234 | Budi Santoso   | LAKI_LAKI     | BUDDHA
(5 rows)

database_fix.sql berhasil dijalankan.
Menjalankan aplikasi Spring Boot dengan ./mvnw spring-boot:run
[INFO] Scanning for projects...
[INFO] 
[INFO] ------------------------< com.dukcapil:service >------------------------
[INFO] Building dukcapil 0.0.1-SNAPSHOT
[INFO]   from pom.xml
[INFO] --------------------------------[ jar ]---------------------------------
[INFO] 
[INFO] >>> spring-boot:3.5.3:run (default-cli) > test-compile @ service >>>
[INFO] 
[INFO] --- jacoco:0.8.8:prepare-agent (default) @ service ---
[INFO] argLine set to -javaagent:/home/bostang/.m2/repository/org/jacoco/org.jacoco.agent/0.8.8/org.jacoco.agent-0.8.8-runtime.jar=destfile=/home/bostang/Documents/ODP_IT_BNI/final_project/repo/secure-onboarding-system/verificator-secure-onboarding-system/target/jacoco.exec
[INFO] 
[INFO] --- resources:3.3.1:resources (default-resources) @ service ---
[INFO] Copying 2 resources from src/main/resources to target/classes
[INFO] Copying 0 resource from src/main/resources to target/classes
[INFO] 
[INFO] --- compiler:3.14.0:compile (default-compile) @ service ---
[INFO] Nothing to compile - all classes are up to date.
[INFO] 
[INFO] --- resources:3.3.1:testResources (default-testResources) @ service ---
[INFO] skip non existing resourceDirectory /home/bostang/Documents/ODP_IT_BNI/final_project/repo/secure-onboarding-system/verificator-secure-onboarding-system/src/test/resources
[INFO] 
[INFO] --- compiler:3.14.0:testCompile (default-testCompile) @ service ---
[INFO] Nothing to compile - all classes are up to date.
[INFO] 
[INFO] <<< spring-boot:3.5.3:run (default-cli) < test-compile @ service <<<
[INFO] 
[INFO] 
[INFO] --- spring-boot:3.5.3:run (default-cli) @ service ---
[INFO] Attaching agents: []

  .   ____          _            __ _ _
 /\\ / ___'_ __ _ _(_)_ __  __ _ \ \ \ \
( ( )\___ | '_ | '_| | '_ \/ _` | \ \ \ \
 \\/  ___)| |_)| | | | | || (_| |  ) ) ) )
  '  |____| .__|_| |_|_| |_\__, | / / / /
 =========|_|==============|___/=/_/_/_/

 :: Spring Boot ::                (v3.5.3)

2025-07-18 16:58:31 [main] INFO  [DUKCAPIL] c.d.s.DukcapilServiceApplication - Starting DukcapilServiceApplication using Java 21.0.7 with PID 65102 (/home/bostang/Documents/ODP_IT_BNI/final_project/repo/secure-onboarding-system/verificator-secure-onboarding-system/target/classes started by bostang in /home/bostang/Documents/ODP_IT_BNI/final_project/repo/secure-onboarding-system/verificator-secure-onboarding-system)
2025-07-18 16:58:31 [main] INFO  [DUKCAPIL] c.d.s.DukcapilServiceApplication - No active profile set, falling back to 1 default profile: "default"
2025-07-18 16:58:33 [main] INFO  [DUKCAPIL] o.s.d.r.c.RepositoryConfigurationDelegate - Bootstrapping Spring Data JPA repositories in DEFAULT mode.
2025-07-18 16:58:33 [main] INFO  [DUKCAPIL] o.s.d.r.c.RepositoryConfigurationDelegate - Finished Spring Data repository scanning in 55 ms. Found 1 JPA repository interface.
2025-07-18 16:58:34 [main] INFO  [DUKCAPIL] o.s.b.w.e.tomcat.TomcatWebServer - Tomcat initialized with port 8081 (http)
2025-07-18 16:58:34 [main] INFO  [DUKCAPIL] o.a.catalina.core.StandardService - Starting service [Tomcat]
2025-07-18 16:58:34 [main] INFO  [DUKCAPIL] o.a.catalina.core.StandardEngine - Starting Servlet engine: [Apache Tomcat/10.1.42]
2025-07-18 16:58:34 [main] INFO  [DUKCAPIL] o.a.c.c.C.[.[localhost].[/api] - Initializing Spring embedded WebApplicationContext
2025-07-18 16:58:34 [main] INFO  [DUKCAPIL] o.s.b.w.s.c.ServletWebServerApplicationContext - Root WebApplicationContext: initialization completed in 2265 ms
2025-07-18 16:58:34 [main] INFO  [DUKCAPIL] o.h.jpa.internal.util.LogHelper - HHH000204: Processing PersistenceUnitInfo [name: default]
2025-07-18 16:58:34 [main] INFO  [DUKCAPIL] org.hibernate.Version - HHH000412: Hibernate ORM core version 6.6.18.Final
2025-07-18 16:58:34 [main] INFO  [DUKCAPIL] o.h.c.i.RegionFactoryInitiator - HHH000026: Second-level cache disabled
2025-07-18 16:58:34 [main] INFO  [DUKCAPIL] o.s.o.j.p.SpringPersistenceUnitInfo - No LoadTimeWeaver setup: ignoring JPA class transformer
2025-07-18 16:58:34 [main] INFO  [DUKCAPIL] com.zaxxer.hikari.HikariDataSource - HikariPool-1 - Starting...
2025-07-18 16:58:35 [main] INFO  [DUKCAPIL] com.zaxxer.hikari.pool.HikariPool - HikariPool-1 - Added connection org.postgresql.jdbc.PgConnection@5464b97c
2025-07-18 16:58:35 [main] INFO  [DUKCAPIL] com.zaxxer.hikari.HikariDataSource - HikariPool-1 - Start completed.
2025-07-18 16:58:35 [main] INFO  [DUKCAPIL] o.hibernate.orm.connections.pooling - HHH10001005: Database info:
	Database JDBC URL [Connecting through datasource 'HikariDataSource (HikariPool-1)']
	Database driver: undefined/unknown
	Database version: 17.5
	Autocommit mode: undefined/unknown
	Isolation level: undefined/unknown
	Minimum pool size: undefined/unknown
	Maximum pool size: undefined/unknown
2025-07-18 16:58:36 [main] INFO  [DUKCAPIL] o.h.e.t.j.p.i.JtaPlatformInitiator - HHH000489: No JTA platform available (set 'hibernate.transaction.jta.platform' to enable JTA platform integration)
2025-07-18 16:58:36 [main] INFO  [DUKCAPIL] o.s.o.j.LocalContainerEntityManagerFactoryBean - Initialized JPA EntityManagerFactory for persistence unit 'default'
2025-07-18 16:58:36 [main] INFO  [DUKCAPIL] o.s.d.j.r.query.QueryEnhancerFactory - Hibernate is in classpath; If applicable, HQL parser will be used.
2025-07-18 16:58:37 [main] WARN  [DUKCAPIL] o.s.b.a.o.j.JpaBaseConfiguration$JpaWebConfiguration - spring.jpa.open-in-view is enabled by default. Therefore, database queries may be performed during view rendering. Explicitly configure spring.jpa.open-in-view to disable this warning
2025-07-18 16:58:38 [main] WARN  [DUKCAPIL] o.s.b.a.s.s.UserDetailsServiceAutoConfiguration - 

Using generated security password: bbf99c3c-35d7-45be-9a9e-fad4c2c6786f

This generated password is for development use only. Your security configuration must be updated before running your application in production.

2025-07-18 16:58:38 [main] INFO  [DUKCAPIL] o.s.s.c.a.a.c.InitializeUserDetailsBeanManagerConfigurer$InitializeUserDetailsManagerConfigurer - Global AuthenticationManager configured with UserDetailsService bean with name inMemoryUserDetailsManager
2025-07-18 16:58:38 [main] WARN  [DUKCAPIL] o.s.s.c.a.w.c.AuthorizeHttpRequestsConfigurer$AuthorizationManagerRequestMatcherRegistry - One of the patterns in [OPTIONS, /**] is missing a leading slash. This is discouraged; please include the leading slash in all your request matcher patterns. In future versions of Spring Security, leaving out the leading slash will result in an exception.
2025-07-18 16:58:38 [main] WARN  [DUKCAPIL] o.s.b.w.s.c.AnnotationConfigServletWebServerApplicationContext - Exception encountered during context initialization - cancelling refresh attempt: org.springframework.context.ApplicationContextException: Failed to start bean 'webServerStartStop'
2025-07-18 16:58:38 [main] INFO  [DUKCAPIL] o.s.o.j.LocalContainerEntityManagerFactoryBean - Closing JPA EntityManagerFactory for persistence unit 'default'
2025-07-18 16:58:38 [main] INFO  [DUKCAPIL] com.zaxxer.hikari.HikariDataSource - HikariPool-1 - Shutdown initiated...
2025-07-18 16:58:38 [main] INFO  [DUKCAPIL] com.zaxxer.hikari.HikariDataSource - HikariPool-1 - Shutdown completed.
2025-07-18 16:58:38 [main] INFO  [DUKCAPIL] o.s.b.a.l.ConditionEvaluationReportLogger - 

Error starting ApplicationContext. To display the condition evaluation report re-run your application with 'debug' enabled.
2025-07-18 16:58:38 [main] ERROR [DUKCAPIL] o.s.b.d.LoggingFailureAnalysisReporter - 

***************************
APPLICATION FAILED TO START
***************************

Description:

Web server failed to start. Port 8081 was already in use.

Action:

Identify and stop the process that's listening on port 8081 or configure this application to listen on another port.

[INFO] ------------------------------------------------------------------------
[INFO] BUILD FAILURE
[INFO] ------------------------------------------------------------------------
[INFO] Total time:  12.818 s
[INFO] Finished at: 2025-07-18T16:58:38+07:00
[INFO] ------------------------------------------------------------------------
[ERROR] Failed to execute goal org.springframework.boot:spring-boot-maven-plugin:3.5.3:run (default-cli) on project service: Process terminated with exit code: 1 -> [Help 1]
[ERROR] 
[ERROR] To see the full stack trace of the errors, re-run Maven with the -e switch.
[ERROR] Re-run Maven using the -X switch to enable full debug logging.
[ERROR] 
[ERROR] For more information about the errors and possible solutions, please read the following articles:
[ERROR] [Help 1] http://cwiki.apache.org/confluence/display/MAVEN/MojoExecutionException
